<?xml version="1.0" encoding="UTF-8"?>
<testng-results skipped="0" failed="0" total="2" passed="2">
  <reporter-output>
  </reporter-output>
  <suite name="Suite" duration-ms="160" started-at="2017-02-12T09:11:46Z" finished-at="2017-02-12T09:11:46Z">
    <groups>
    </groups>
    <test name="Test" duration-ms="160" started-at="2017-02-12T09:11:46Z" finished-at="2017-02-12T09:11:46Z">
      <class name="cn.testfan.testlee.NewTest">
        <test-method status="PASS" signature="f()[pri:0, instance:cn.testfan.testlee.NewTest@156b7c1]" name="f" duration-ms="40" started-at="2017-02-12T17:11:46Z" finished-at="2017-02-12T17:11:46Z">
          <reporter-output>
          </reporter-output>
        </test-method> <!-- f -->
      </class> <!-- cn.testfan.testlee.NewTest -->
      <class name="cn.testfan.testlee.NewTest2">
        <test-method status="PASS" signature="f()[pri:0, instance:cn.testfan.testlee.NewTest2@8aa2d]" name="f" duration-ms="10" started-at="2017-02-12T17:11:46Z" finished-at="2017-02-12T17:11:46Z">
          <reporter-output>
          </reporter-output>
        </test-method> <!-- f -->
      </class> <!-- cn.testfan.testlee.NewTest2 -->
    </test> <!-- Test -->
  </suite> <!-- Suite -->
</testng-results>
