<?xml version="1.0" encoding="UTF-8"?>
<testng-results skipped="0" failed="1" total="1" passed="0">
  <reporter-output>
  </reporter-output>
  <suite name="Suite" duration-ms="12274" started-at="2016-11-23T13:02:08Z" finished-at="2016-11-23T13:02:21Z">
    <groups>
    </groups>
    <test name="Test" duration-ms="12274" started-at="2016-11-23T13:02:08Z" finished-at="2016-11-23T13:02:21Z">
      <class name="com.cases.KfglTest_New">
        <test-method status="PASS" signature="beforeTest()[pri:0, instance:com.cases.KfglTest_New@1d13f05]" name="beforeTest" is-config="true" duration-ms="20" started-at="2016-11-23T21:02:08Z" finished-at="2016-11-23T21:02:08Z">
          <reporter-output>
          </reporter-output>
        </test-method> <!-- beforeTest -->
        <test-method status="PASS" signature="beforeClass(java.lang.String)[pri:0, instance:com.cases.KfglTest_New@1d13f05]" name="beforeClass" is-config="true" duration-ms="481" started-at="2016-11-23T21:02:08Z" finished-at="2016-11-23T21:02:09Z">
          <params>
            <param index="0">
              <value>
                <![CDATA[2]]>
              </value>
            </param>
          </params>
          <reporter-output>
          </reporter-output>
        </test-method> <!-- beforeClass -->
        <test-method status="PASS" signature="beforeMethod()[pri:0, instance:com.cases.KfglTest_New@1d13f05]" name="beforeMethod" is-config="true" duration-ms="1825" started-at="2016-11-23T21:02:09Z" finished-at="2016-11-23T21:02:11Z">
          <reporter-output>
          </reporter-output>
        </test-method> <!-- beforeMethod -->
        <test-method status="FAIL" signature="kfgl_0001_LoginSucc(java.lang.reflect.Method)[pri:0, instance:com.cases.KfglTest_New@1d13f05]" name="kfgl_0001_LoginSucc" duration-ms="6442" started-at="2016-11-23T21:02:11Z" finished-at="2016-11-23T21:02:17Z">
          <params>
            <param index="0">
              <value>
                <![CDATA[public void com.cases.KfglTest_New.kfgl_0001_LoginSucc(java.lang.reflect.Method) throws java.lang.Exception]]>
              </value>
            </param>
          </params>
          <exception class="org.openqa.selenium.NoSuchElementException">
            <message>
              <![CDATA[Unable to find element with id == username (WARNING: The server did not provide any stacktrace information)
Command duration or timeout: 5.17 seconds
For documentation on this error, please visit: http://seleniumhq.org/exceptions/no_such_element.html
Build info: version: '2.26.0', revision: '18041', time: '2012-11-01 19:33:38'
System info: os.name: 'Windows XP', os.arch: 'x86', os.version: '5.1', java.version: '1.7.0_79'
Driver info: driver.version: RemoteWebDriver
Session ID: f2052907-3cf5-4524-b677-ae82dfc8f077]]>
            </message>
            <full-stacktrace>
              <![CDATA[org.openqa.selenium.NoSuchElementException: Unable to find element with id == username (WARNING: The server did not provide any stacktrace information)
Command duration or timeout: 5.17 seconds
For documentation on this error, please visit: http://seleniumhq.org/exceptions/no_such_element.html
Build info: version: '2.26.0', revision: '18041', time: '2012-11-01 19:33:38'
System info: os.name: 'Windows XP', os.arch: 'x86', os.version: '5.1', java.version: '1.7.0_79'
Driver info: driver.version: RemoteWebDriver
Session ID: f2052907-3cf5-4524-b677-ae82dfc8f077
	at sun.reflect.NativeConstructorAccessorImpl.newInstance0(Native Method)
	at sun.reflect.NativeConstructorAccessorImpl.newInstance(NativeConstructorAccessorImpl.java:57)
	at sun.reflect.DelegatingConstructorAccessorImpl.newInstance(DelegatingConstructorAccessorImpl.java:45)
	at java.lang.reflect.Constructor.newInstance(Constructor.java:526)
	at org.openqa.selenium.remote.ErrorHandler.createThrowable(ErrorHandler.java:188)
	at org.openqa.selenium.remote.ErrorHandler.throwIfResponseFailed(ErrorHandler.java:145)
	at org.openqa.selenium.remote.RemoteWebDriver.execute(RemoteWebDriver.java:531)
	at org.openqa.selenium.remote.RemoteWebDriver.findElement(RemoteWebDriver.java:301)
	at org.openqa.selenium.remote.RemoteWebDriver.findElementById(RemoteWebDriver.java:330)
	at org.openqa.selenium.By$ById.findElement(By.java:215)
	at org.openqa.selenium.remote.RemoteWebDriver.findElement(RemoteWebDriver.java:293)
	at com.page.Kfgl_LoginPage_New.setUsername(Kfgl_LoginPage_New.java:27)
	at com.business.Kfgl_LoginBusiness_New.login(Kfgl_LoginBusiness_New.java:41)
	at com.cases.KfglTest_New.kfgl_0001_LoginSucc(KfglTest_New.java:24)
	at sun.reflect.NativeMethodAccessorImpl.invoke0(Native Method)
	at sun.reflect.NativeMethodAccessorImpl.invoke(NativeMethodAccessorImpl.java:57)
	at sun.reflect.DelegatingMethodAccessorImpl.invoke(DelegatingMethodAccessorImpl.java:43)
	at java.lang.reflect.Method.invoke(Method.java:606)
	at org.testng.internal.MethodInvocationHelper.invokeMethod(MethodInvocationHelper.java:80)
	at org.testng.internal.Invoker.invokeMethod(Invoker.java:714)
	at org.testng.internal.Invoker.invokeTestMethod(Invoker.java:901)
	at org.testng.internal.Invoker.invokeTestMethods(Invoker.java:1231)
	at org.testng.internal.TestMethodWorker.invokeTestMethods(TestMethodWorker.java:127)
	at org.testng.internal.TestMethodWorker.run(TestMethodWorker.java:111)
	at org.testng.TestRunner.privateRun(TestRunner.java:767)
	at org.testng.TestRunner.run(TestRunner.java:617)
	at org.testng.SuiteRunner.runTest(SuiteRunner.java:334)
	at org.testng.SuiteRunner.runSequentially(SuiteRunner.java:329)
	at org.testng.SuiteRunner.privateRun(SuiteRunner.java:291)
	at org.testng.SuiteRunner.run(SuiteRunner.java:240)
	at org.testng.SuiteRunnerWorker.runSuite(SuiteRunnerWorker.java:52)
	at org.testng.SuiteRunnerWorker.run(SuiteRunnerWorker.java:86)
	at org.testng.TestNG.runSuitesSequentially(TestNG.java:1198)
	at org.testng.TestNG.runSuitesLocally(TestNG.java:1123)
	at org.testng.TestNG.run(TestNG.java:1031)
	at org.testng.TestNG.privateMain(TestNG.java:1338)
	at org.testng.TestNG.main(TestNG.java:1307)
]]>
            </full-stacktrace>
          </exception> <!-- org.openqa.selenium.NoSuchElementException -->
          <reporter-output>
          </reporter-output>
        </test-method> <!-- kfgl_0001_LoginSucc -->
        <test-method status="PASS" signature="afterMethod()[pri:0, instance:com.cases.KfglTest_New@1d13f05]" name="afterMethod" is-config="true" duration-ms="3477" started-at="2016-11-23T21:02:17Z" finished-at="2016-11-23T21:02:21Z">
          <reporter-output>
          </reporter-output>
        </test-method> <!-- afterMethod -->
        <test-method status="PASS" signature="afterClass()[pri:0, instance:com.cases.KfglTest_New@1d13f05]" name="afterClass" is-config="true" duration-ms="10" started-at="2016-11-23T21:02:21Z" finished-at="2016-11-23T21:02:21Z">
          <reporter-output>
          </reporter-output>
        </test-method> <!-- afterClass -->
      </class> <!-- com.cases.KfglTest_New -->
    </test> <!-- Test -->
  </suite> <!-- Suite -->
</testng-results>
